
 ⛅️ wrangler 4.19.1
───────────────────
Your Worker has access to the following bindings:
Binding                                                    Resource                  Mode
env.SESSIONS (8fc50767b80e41718810f987f69d710a)            KV Namespace              local
env.DB (components-db)                                     D1 Database               local
env.ADMIN_PASSWORD ("19840910")                            Environment Variable      local
env.ENVIRONMENT ("development")                            Environment Variable      local

⎔ Starting local server...
[wrangler:info] Ready on http://localhost:8787
[wrangler:info] GET /api/health 200 OK (9ms)
[31m✘ [41;31m[[41;97mERROR[41;31m][0m [1mCSRF protection triggered: No valid protection headers from ::1[0m


[31m✘ [41;31m[[41;97mERROR[41;31m][0m [1mReferer: null, Origin: null[0m

  X-Requested-With: null, X-App-Name: null
  Content-Type: application/x-www-form-urlencoded


CSRF protection: Valid custom headers from ::1
CSRF protection: Valid custom headers from ::1
[wrangler:info] POST /api/components 201 Created (5ms)
[wrangler:info] POST /api/components 403 Forbidden (13ms)
[wrangler:info] POST /api/components 201 Created (12ms)
CSRF protection: Valid custom headers from ::1
[wrangler:info] POST /api/components 201 Created (4ms)
CSRF protection: Valid referer/origin from ::1
[wrangler:info] POST /api/components 201 Created (4ms)
[31m✘ [41;31m[[41;97mERROR[41;31m][0m [1mCSRF protection triggered: No valid protection headers from ::1[0m


[31m✘ [41;31m[[41;97mERROR[41;31m][0m [1mReferer: null, Origin: https://malicious-site.com[0m

  X-Requested-With: null, X-App-Name: null
  Content-Type: application/json


[wrangler:info] POST /api/components 403 Forbidden (3ms)
[31m✘ [41;31m[[41;97mERROR[41;31m][0m [1mCSRF protection triggered: No valid protection headers from ::1[0m


[31m✘ [41;31m[[41;97mERROR[41;31m][0m [1mReferer: null, Origin: null[0m

  X-Requested-With: null, X-App-Name: null
  Content-Type: application/x-www-form-urlencoded


[wrangler:info] PUT /api/components/123 403 Forbidden (2ms)
CSRF protection: Valid custom headers from ::1
[wrangler:info] PUT /api/components/123 404 Not Found (4ms)
[31m✘ [41;31m[[41;97mERROR[41;31m][0m [1mCSRF protection triggered: No valid protection headers from ::1[0m


[31m✘ [41;31m[[41;97mERROR[41;31m][0m [1mReferer: null, Origin: null[0m

  X-Requested-With: null, X-App-Name: null
  Content-Type: null


[wrangler:info] DELETE /api/components/123 403 Forbidden (3ms)
CSRF protection: Valid custom headers from ::1
[wrangler:info] DELETE /api/components/123 404 Not Found (5ms)
Query: 
      SELECT id, name, category, html, css, js, tags, author, 
             created_at, updated_at
      FROM components 
      WHERE is_deleted = FALSE
     ORDER BY updated_at DESC LIMIT ? OFFSET ?
Params: [ 50, 0 ]
[wrangler:info] GET /api/components 200 OK (6ms)
[wrangler:info] OPTIONS /api/components 200 OK (1ms)
[31m✘ [41;31m[[41;97mERROR[41;31m][0m [1mCSRF protection triggered: No valid protection headers from ::1[0m


[31m✘ [41;31m[[41;97mERROR[41;31m][0m [1mReferer: null, Origin: null[0m

  X-Requested-With: null, X-App-Name: null
  Content-Type: application/json


[wrangler:info] POST /api/auth/login 403 Forbidden (4ms)
CSRF protection: Valid custom headers from ::1
[31m✘ [41;31m[[41;97mERROR[41;31m][0m [1mInvalid admin password attempt from ::1[0m


[wrangler:info] POST /api/auth/login 401 Unauthorized (2ms)
CSRF protection: Valid custom headers from ::1
[31m✘ [41;31m[[41;97mERROR[41;31m][0m [1mInvalid admin password attempt from ::1[0m


[wrangler:info] POST /api/auth/login 401 Unauthorized (2ms)
CSRF protection: Valid custom headers from ::1
Admin login successful from ::1
[wrangler:info] POST /api/auth/login 200 OK (20ms)
Request origin: null isDevelopment: true
Using production origin: https://component-management.vercel.app
Admin authenticated via header from ::1
Request origin: null isDevelopment: true
Using production origin: https://component-management.vercel.app
[wrangler:info] GET /api/admin/stats 200 OK (11ms)
[31m✘ [41;31m[[41;97mERROR[41;31m][0m [1mCSRF protection triggered: No valid protection headers from ::1[0m


[31m✘ [41;31m[[41;97mERROR[41;31m][0m [1mReferer: null, Origin: null[0m

  X-Requested-With: null, X-App-Name: null
  Content-Type: application/json


[wrangler:info] POST /api/components 403 Forbidden (3ms)
[31m✘ [41;31m[[41;97mERROR[41;31m][0m [1mCSRF protection triggered: No valid protection headers from ::1[0m


[31m✘ [41;31m[[41;97mERROR[41;31m][0m [1mReferer: null, Origin: null[0m

  X-Requested-With: null, X-App-Name: null
  Content-Type: application/json


[wrangler:info] POST /api/components 403 Forbidden (4ms)
[31m✘ [41;31m[[41;97mERROR[41;31m][0m [1mCSRF protection triggered: No valid protection headers from ::1[0m


[31m✘ [41;31m[[41;97mERROR[41;31m][0m [1mReferer: null, Origin: null[0m

  X-Requested-With: null, X-App-Name: null
  Content-Type: application/json


[wrangler:info] POST /api/components 403 Forbidden (2ms)
[31m✘ [41;31m[[41;97mERROR[41;31m][0m [1mCSRF protection triggered: No valid protection headers from ::1[0m


[31m✘ [41;31m[[41;97mERROR[41;31m][0m [1mReferer: null, Origin: null[0m

  X-Requested-With: null, X-App-Name: null
  Content-Type: application/json


[wrangler:info] POST /api/components 403 Forbidden (2ms)
[31m✘ [41;31m[[41;97mERROR[41;31m][0m [1mCSRF protection triggered: No valid protection headers from ::1[0m


[31m✘ [41;31m[[41;97mERROR[41;31m][0m [1mReferer: null, Origin: null[0m

  X-Requested-With: null, X-App-Name: null
  Content-Type: application/json


[wrangler:info] POST /api/components 403 Forbidden (4ms)
[31m✘ [41;31m[[41;97mERROR[41;31m][0m [1mCSRF protection triggered: No valid protection headers from ::1[0m


[31m✘ [41;31m[[41;97mERROR[41;31m][0m [1mReferer: null, Origin: null[0m

  X-Requested-With: null, X-App-Name: null
  Content-Type: application/json


[wrangler:info] POST /api/components 403 Forbidden (2ms)
[31m✘ [41;31m[[41;97mERROR[41;31m][0m [1mCSRF protection triggered: No valid protection headers from ::1[0m


[31m✘ [41;31m[[41;97mERROR[41;31m][0m [1mReferer: null, Origin: null[0m

  X-Requested-With: null, X-App-Name: null
  Content-Type: application/json


[wrangler:info] POST /api/components 403 Forbidden (3ms)
[31m✘ [41;31m[[41;97mERROR[41;31m][0m [1mCSRF protection triggered: No valid protection headers from ::1[0m


[31m✘ [41;31m[[41;97mERROR[41;31m][0m [1mReferer: null, Origin: null[0m

  X-Requested-With: null, X-App-Name: null
  Content-Type: application/json


[wrangler:info] POST /api/components 403 Forbidden (2ms)
[wrangler:info] GET /api/health 200 OK (1ms)
CSRF protection: Valid custom headers from ::1
[wrangler:info] POST /api/components 201 Created (6ms)
CSRF protection: Valid custom headers from ::1
[wrangler:info] POST /api/components 201 Created (7ms)
CSRF protection: Valid custom headers from ::1
[wrangler:info] POST /api/components 201 Created (3ms)
CSRF protection: Valid custom headers from ::1
[wrangler:info] POST /api/components 201 Created (3ms)
CSRF protection: Valid custom headers from ::1
[wrangler:info] POST /api/components 201 Created (4ms)
CSRF protection: Valid custom headers from ::1
[wrangler:info] POST /api/components 400 Bad Request (5ms)
CSRF protection: Valid custom headers from ::1
[wrangler:info] POST /api/components 400 Bad Request (2ms)
CSRF protection: Valid custom headers from ::1
[wrangler:info] POST /api/components 400 Bad Request (2ms)
[wrangler:info] GET /api/health 200 OK (2ms)
🪵  Logs were written to "/Users/watabetomonari/Library/Preferences/.wrangler/logs/wrangler-2025-06-08_01-14-23_763.log"
